----------------------------------------------------------------------
Application : EAlerta 1.0
Path        : C:\Fontes\Projetos\EAlerta\build\debug\
CPU cores   : 8
OS version  : Windows 11 (Version 23H2, OS Build 22631.3085, 64-bit Edition)
Host        : SCHUSTER
Username    : Thiago Schuster
Started     : 04-02-2024 20:32:29 
Debug mode  : On
----------------------------------------------------------------------
----------------------------------------------------------------------
Application : EAlerta 1.0
Path        : C:\Fontes\Projetos\EAlerta\build\debug\
CPU cores   : 8
OS version  : Windows 11 (Version 23H2, OS Build 22631.3085, 64-bit Edition)
Host        : SCHUSTER
Username    : Thiago Schuster
Started     : 04-02-2024 20:33:27 
Debug mode  : On
----------------------------------------------------------------------
----------------------------------------------------------------------
Application : EAlerta 1.0
Path        : C:\Fontes\Projetos\EAlerta\build\debug\
CPU cores   : 8
OS version  : Windows 11 (Version 23H2, OS Build 22631.3085, 64-bit Edition)
Host        : SCHUSTER
Username    : Thiago Schuster
Started     : 04-02-2024 20:52:21 
Debug mode  : On
----------------------------------------------------------------------
----------------------------------------------------------------------
Application : EAlerta 1.0
Path        : C:\Fontes\Projetos\EAlerta\build\debug\
CPU cores   : 8
OS version  : Windows 11 (Version 23H2, OS Build 22631.3085, 64-bit Edition)
Host        : SCHUSTER
Username    : Thiago Schuster
Started     : 04-02-2024 20:53:34 
Debug mode  : On
----------------------------------------------------------------------
----------------------------------------------------------------------
Application : EAlerta 1.0
Path        : C:\Fontes\Projetos\EAlerta\build\debug\
CPU cores   : 8
OS version  : Windows 11 (Version 23H2, OS Build 22631.3085, 64-bit Edition)
Host        : SCHUSTER
Username    : Thiago Schuster
Started     : 04-02-2024 20:54:12 
Debug mode  : On
----------------------------------------------------------------------
04-02-2024 20:54:13  [Exceção] (EConvertError) : 'a' is not a valid integer value
----------------------------------------------------------------------
Application : EAlerta 1.0
Path        : C:\Fontes\Projetos\EAlerta\build\debug\
CPU cores   : 8
OS version  : Windows 11 (Version 23H2, OS Build 22631.3085, 64-bit Edition)
Host        : SCHUSTER
Username    : Thiago Schuster
Started     : 04-02-2024 20:55:40 
Debug mode  : On
----------------------------------------------------------------------
04-02-2024 20:55:42  [Exceção] (EConvertError) : 'a' is not a valid integer value
----------------------------------------------------------------------
Application : EAlerta 1.0
Path        : C:\Fontes\Projetos\EAlerta\build\debug\
CPU cores   : 8
OS version  : Windows 11 (Version 23H2, OS Build 22631.3085, 64-bit Edition)
Host        : SCHUSTER
Username    : Thiago Schuster
Started     : 04-02-2024 20:57:28 
Debug mode  : On
----------------------------------------------------------------------
04-02-2024 20:57:30  [Exceção] (EConvertError) : 'a' is not a valid integer value
----------------------------------------------------------------------
Application : EAlerta 1.0
Path        : C:\Fontes\Projetos\EAlerta\build\debug\
CPU cores   : 8
OS version  : Windows 11 (Version 23H2, OS Build 22631.3085, 64-bit Edition)
Host        : SCHUSTER
Username    : Thiago Schuster
Started     : 04-02-2024 20:59:47 
Debug mode  : On
----------------------------------------------------------------------
04-02-2024 20:59:49  [Exceção] (EConvertError) : 'a' is not a valid integer value
----------------------------------------------------------------------
Application : EAlerta 1.0
Path        : C:\Fontes\Projetos\EAlerta\build\debug\
CPU cores   : 8
OS version  : Windows 11 (Version 23H2, OS Build 22631.3085, 64-bit Edition)
Host        : SCHUSTER
Username    : Thiago Schuster
Started     : 04-02-2024 21:01:13 
Debug mode  : On
----------------------------------------------------------------------
04-02-2024 21:01:32  [Exceção] (EConvertError) : 'a' is not a valid integer value
----------------------------------------------------------------------
Application : EAlerta 1.0
Path        : C:\Fontes\Projetos\EAlerta\build\debug\
CPU cores   : 8
OS version  : Windows 11 (Version 23H2, OS Build 22631.3085, 64-bit Edition)
Host        : SCHUSTER
Username    : Thiago Schuster
Started     : 04-02-2024 21:03:51 
Debug mode  : On
----------------------------------------------------------------------
04-02-2024 21:03:57  [Exceção] (EConvertError) : 'a' is not a valid integer value
----------------------------------------------------------------------
Application : EAlerta 1.0
Path        : C:\Fontes\Projetos\EAlerta\build\debug\
CPU cores   : 8
OS version  : Windows 11 (Version 23H2, OS Build 22631.3085, 64-bit Edition)
Host        : SCHUSTER
Username    : Thiago Schuster
Started     : 04-02-2024 21:05:00 
Debug mode  : On
----------------------------------------------------------------------
04-02-2024 21:05:39  [Exceção] (EConvertError) : 'a' is not a valid integer value
----------------------------------------------------------------------
Application : EAlerta 1.0
Path        : C:\Fontes\Projetos\EAlerta\build\debug\
CPU cores   : 8
OS version  : Windows 11 (Version 23H2, OS Build 22631.3085, 64-bit Edition)
Host        : SCHUSTER
Username    : Thiago Schuster
Started     : 04-02-2024 21:06:31 
Debug mode  : On
----------------------------------------------------------------------
04-02-2024 21:06:34  [Exceção] (EConvertError) : 'a' is not a valid integer value
----------------------------------------------------------------------
Application : EAlerta 1.0
Path        : C:\Fontes\Projetos\EAlerta\build\debug\
CPU cores   : 8
OS version  : Windows 11 (Version 23H2, OS Build 22631.3085, 64-bit Edition)
Host        : SCHUSTER
Username    : Thiago Schuster
Started     : 04-02-2024 21:07:07 
Debug mode  : On
----------------------------------------------------------------------
04-02-2024 21:07:08  [Exceção] (EConvertError) : 'a' is not a valid integer value
----------------------------------------------------------------------
Application : EAlerta 1.0
Path        : C:\Fontes\Projetos\EAlerta\build\debug\
CPU cores   : 8
OS version  : Windows 11 (Version 23H2, OS Build 22631.3085, 64-bit Edition)
Host        : SCHUSTER
Username    : Thiago Schuster
Started     : 04-02-2024 21:08:54 
Debug mode  : On
----------------------------------------------------------------------
04-02-2024 21:08:58  [Exceção] (EConvertError) : 'a' is not a valid integer value
----------------------------------------------------------------------
Application : EAlerta 1.0
Path        : C:\Fontes\Projetos\EAlerta\build\debug\
CPU cores   : 8
OS version  : Windows 11 (Version 23H2, OS Build 22631.3085, 64-bit Edition)
Host        : SCHUSTER
Username    : Thiago Schuster
Started     : 04-02-2024 21:12:22 
Debug mode  : On
----------------------------------------------------------------------
----------------------------------------------------------------------
Application : EAlerta 1.0
Path        : C:\Fontes\Projetos\EAlerta\build\debug\
CPU cores   : 8
OS version  : Windows 11 (Version 23H2, OS Build 22631.3085, 64-bit Edition)
Host        : SCHUSTER
Username    : Thiago Schuster
Started     : 04-02-2024 21:14:58 
Debug mode  : On
----------------------------------------------------------------------
----------------------------------------------------------------------
Application : EAlerta 1.0
Path        : C:\Fontes\Projetos\EAlerta\build\debug\
CPU cores   : 8
OS version  : Windows 11 (Version 23H2, OS Build 22631.3085, 64-bit Edition)
Host        : SCHUSTER
Username    : Thiago Schuster
Started     : 04-02-2024 21:15:18 
Debug mode  : On
----------------------------------------------------------------------
04-02-2024 21:15:19  [Exceção] (EConvertError) : 'a' is not a valid integer value
----------------------------------------------------------------------
Application : EAlerta 1.0
Path        : C:\Fontes\Projetos\EAlerta\build\debug\
CPU cores   : 8
OS version  : Windows 11 (Version 23H2, OS Build 22631.3085, 64-bit Edition)
Host        : SCHUSTER
Username    : Thiago Schuster
Started     : 04-02-2024 21:15:44 
Debug mode  : On
----------------------------------------------------------------------
04-02-2024 21:15:48  [Exceção] (EConvertError) : 'a' is not a valid integer value
----------------------------------------------------------------------
Application : EAlerta 1.0
Path        : C:\Fontes\Projetos\EAlerta\build\debug\
CPU cores   : 8
OS version  : Windows 11 (Version 23H2, OS Build 22631.3085, 64-bit Edition)
Host        : SCHUSTER
Username    : Thiago Schuster
Started     : 04-02-2024 21:16:29 
Debug mode  : On
----------------------------------------------------------------------
04-02-2024 21:16:31  [Exceção] (EConvertError) : 'a' is not a valid integer value
----------------------------------------------------------------------
Application : EAlerta 1.0
Path        : C:\Fontes\Projetos\EAlerta\build\debug\
CPU cores   : 8
OS version  : Windows 11 (Version 23H2, OS Build 22631.3085, 64-bit Edition)
Host        : SCHUSTER
Username    : Thiago Schuster
Started     : 04-02-2024 21:16:49 
Debug mode  : On
----------------------------------------------------------------------
04-02-2024 21:16:51  [Exceção] (EConvertError) : 'a' is not a valid integer value
----------------------------------------------------------------------
Application : EAlerta 1.0
Path        : C:\Fontes\Projetos\EAlerta\build\debug\
CPU cores   : 8
OS version  : Windows 11 (Version 23H2, OS Build 22631.3085, 64-bit Edition)
Host        : SCHUSTER
Username    : Thiago Schuster
Started     : 04-02-2024 21:17:20 
Debug mode  : On
----------------------------------------------------------------------
04-02-2024 21:17:21  [Exceção] (EConvertError) : 'a' is not a valid integer value
----------------------------------------------------------------------
Application : EAlerta 1.0
Path        : C:\Fontes\Projetos\EAlerta\build\debug\
CPU cores   : 8
OS version  : Windows 11 (Version 23H2, OS Build 22631.3085, 64-bit Edition)
Host        : SCHUSTER
Username    : Thiago Schuster
Started     : 04-02-2024 21:17:35 
Debug mode  : On
----------------------------------------------------------------------
04-02-2024 21:17:36  [Exceção] (EConvertError) : 'a' is not a valid integer value
