----------------------------------------------------------------------
Application : EAlerta 1.0
Path        : C:\Fontes\Projetos\EAlerta\build\release\
CPU cores   : 8
OS version  : Windows 11 (Version 23H2, OS Build 22631.3085, 64-bit Edition)
Host        : SCHUSTER
Username    : Thiago Schuster
Started     : 05-02-2024 00:10:53 
----------------------------------------------------------------------
05-02-2024 00:10:53  [Exceção] (EFCreateError) : Cannot create file "". A sintaxe do nome do arquivo, do nome do diretório ou do rótulo do volume está incorreta
05-02-2024 00:10:53  [Exceção] (ELogger) : Error trying to backup log file!
----------------------------------------------------------------------
Application : EAlerta 1.0
Path        : C:\Fontes\Projetos\EAlerta\build\release\
CPU cores   : 8
OS version  : Windows 11 (Version 23H2, OS Build 22631.3085, 64-bit Edition)
Host        : SCHUSTER
Username    : Thiago Schuster
Started     : 05-02-2024 00:21:06 
----------------------------------------------------------------------
----------------------------------------------------------------------
Application : EAlerta 1.0.0.1
Path        : C:\Fontes\Projetos\EAlerta\build\release\
CPU cores   : 8
OS version  : Windows 11 (Version 23H2, OS Build 22631.3085, 64-bit Edition)
Host        : SCHUSTER
Username    : Thiago Schuster
Started     : 05-02-2024 19:35:09 
----------------------------------------------------------------------
----------------------------------------------------------------------
Application : EAlerta 1.0.0.1
Path        : C:\Fontes\Projetos\EAlerta\build\release\
CPU cores   : 8
OS version  : Windows 11 (Version 23H2, OS Build 22631.3085, 64-bit Edition)
Host        : SCHUSTER
Username    : Thiago Schuster
Started     : 05-02-2024 19:46:53 
----------------------------------------------------------------------
----------------------------------------------------------------------
Application : EAlerta 1.0.0.1
Path        : C:\Fontes\Projetos\EAlerta\build\release\
CPU cores   : 8
OS version  : Windows 11 (Version 23H2, OS Build 22631.3085, 64-bit Edition)
Host        : SCHUSTER
Username    : Thiago Schuster
Started     : 05-02-2024 19:46:59 
----------------------------------------------------------------------
----------------------------------------------------------------------
Application : EAlerta 1.0.0.1
Path        : C:\Fontes\Projetos\EAlerta\build\release\
CPU cores   : 8
OS version  : Windows 11 (Version 23H2, OS Build 22631.3085, 64-bit Edition)
Host        : SCHUSTER
Username    : Thiago Schuster
Started     : 05-02-2024 20:14:50 
----------------------------------------------------------------------
----------------------------------------------------------------------
Application : EAlerta 1.0.0.1
Path        : C:\Fontes\Projetos\EAlerta\build\release\
CPU cores   : 8
OS version  : Windows 11 (Version 23H2, OS Build 22631.3085, 64-bit Edition)
Host        : SCHUSTER
Username    : Thiago Schuster
Started     : 05-02-2024 20:19:19 
----------------------------------------------------------------------
----------------------------------------------------------------------
Application : EAlerta 1.0.0.1
Path        : C:\Fontes\Projetos\EAlerta\build\release\
CPU cores   : 8
OS version  : Windows 11 (Version 23H2, OS Build 22631.3085, 64-bit Edition)
Host        : SCHUSTER
Username    : Thiago Schuster
Started     : 05-02-2024 20:19:40 
----------------------------------------------------------------------
----------------------------------------------------------------------
Application : EAlerta 1.0.0.1
Path        : C:\Fontes\Projetos\EAlerta\build\release\
CPU cores   : 8
OS version  : Windows 11 (Version 23H2, OS Build 22631.3085, 64-bit Edition)
Host        : SCHUSTER
Username    : Thiago Schuster
Started     : 05-02-2024 20:22:25 
----------------------------------------------------------------------
----------------------------------------------------------------------
Application : EAlerta 1.0.0.1
Path        : C:\Fontes\Projetos\EAlerta\build\release\
CPU cores   : 8
OS version  : Windows 11 (Version 23H2, OS Build 22631.3085, 64-bit Edition)
Host        : SCHUSTER
Username    : Thiago Schuster
Started     : 05-02-2024 20:22:40 
----------------------------------------------------------------------
----------------------------------------------------------------------
Application : EAlerta 1.0.0.1
Path        : C:\Fontes\Projetos\EAlerta\build\release\
CPU cores   : 8
OS version  : Windows 11 (Version 23H2, OS Build 22631.3085, 64-bit Edition)
Host        : SCHUSTER
Username    : Thiago Schuster
Started     : 05-02-2024 20:23:37 
----------------------------------------------------------------------
----------------------------------------------------------------------
Application : EAlerta 1.0.0.1
Path        : C:\Fontes\Projetos\EAlerta\build\release\
CPU cores   : 8
OS version  : Windows 11 (Version 23H2, OS Build 22631.3085, 64-bit Edition)
Host        : SCHUSTER
Username    : Thiago Schuster
Started     : 05-02-2024 20:24:09 
----------------------------------------------------------------------
----------------------------------------------------------------------
Application : EAlerta 1.0.0.1
Path        : C:\Fontes\Projetos\EAlerta\build\release\
CPU cores   : 8
OS version  : Windows 11 (Version 23H2, OS Build 22631.3085, 64-bit Edition)
Host        : SCHUSTER
Username    : Thiago Schuster
Started     : 05-02-2024 20:24:33 
----------------------------------------------------------------------
----------------------------------------------------------------------
Application : EAlerta 1.0.0.1
Path        : C:\Fontes\Projetos\EAlerta\build\release\
CPU cores   : 8
OS version  : Windows 11 (Version 23H2, OS Build 22631.3085, 64-bit Edition)
Host        : SCHUSTER
Username    : Thiago Schuster
Started     : 05-02-2024 20:24:43 
----------------------------------------------------------------------
----------------------------------------------------------------------
Application : EAlerta 1.0.0.1
Path        : C:\Fontes\Projetos\EAlerta\build\release\
CPU cores   : 8
OS version  : Windows 11 (Version 23H2, OS Build 22631.3085, 64-bit Edition)
Host        : SCHUSTER
Username    : Thiago Schuster
Started     : 05-02-2024 20:26:01 
----------------------------------------------------------------------
----------------------------------------------------------------------
Application : EAlerta 1.0.0.1
Path        : C:\Fontes\Projetos\EAlerta\build\release\
CPU cores   : 8
OS version  : Windows 11 (Version 23H2, OS Build 22631.3085, 64-bit Edition)
Host        : SCHUSTER
Username    : Thiago Schuster
Started     : 05-02-2024 20:55:37 
----------------------------------------------------------------------
----------------------------------------------------------------------
Application : EAlerta 1.0.0.1
Path        : C:\Fontes\Projetos\EAlerta\build\release\
CPU cores   : 8
OS version  : Windows 11 (Version 23H2, OS Build 22631.3085, 64-bit Edition)
Host        : SCHUSTER
Username    : Thiago Schuster
Started     : 05-02-2024 20:56:04 
----------------------------------------------------------------------
----------------------------------------------------------------------
Application : EAlerta 1.0.0.1
Path        : C:\Fontes\Projetos\EAlerta\build\release\
CPU cores   : 8
OS version  : Windows 11 (Version 23H2, OS Build 22631.3085, 64-bit Edition)
Host        : SCHUSTER
Username    : Thiago Schuster
Started     : 05-02-2024 20:57:33 
----------------------------------------------------------------------
----------------------------------------------------------------------
Application : EAlerta 1.0.0.1
Path        : C:\Fontes\Projetos\EAlerta\build\release\
CPU cores   : 8
OS version  : Windows 11 (Version 23H2, OS Build 22631.3085, 64-bit Edition)
Host        : SCHUSTER
Username    : Thiago Schuster
Started     : 05-02-2024 21:12:08 
----------------------------------------------------------------------
----------------------------------------------------------------------
Application : EAlerta 1.0.0.1
Path        : C:\Fontes\Projetos\EAlerta\build\release\
CPU cores   : 8
OS version  : Windows 11 (Version 23H2, OS Build 22631.3085, 64-bit Edition)
Host        : SCHUSTER
Username    : Thiago Schuster
Started     : 05-02-2024 21:13:56 
----------------------------------------------------------------------
----------------------------------------------------------------------
Application : EAlerta 1.0.0.1
Path        : C:\Fontes\Projetos\EAlerta\build\release\
CPU cores   : 8
OS version  : Windows 11 (Version 23H2, OS Build 22631.3085, 64-bit Edition)
Host        : SCHUSTER
Username    : Thiago Schuster
Started     : 05-02-2024 21:14:31 
----------------------------------------------------------------------
----------------------------------------------------------------------
Application : EAlerta 1.0.0.1
Path        : C:\Fontes\Projetos\EAlerta\build\release\
CPU cores   : 8
OS version  : Windows 11 (Version 23H2, OS Build 22631.3085, 64-bit Edition)
Host        : SCHUSTER
Username    : Thiago Schuster
Started     : 05-02-2024 21:14:54 
----------------------------------------------------------------------
----------------------------------------------------------------------
Application : EAlerta 1.0.0.1
Path        : C:\Fontes\Projetos\EAlerta\build\release\
CPU cores   : 8
OS version  : Windows 11 (Version 23H2, OS Build 22631.3085, 64-bit Edition)
Host        : SCHUSTER
Username    : Thiago Schuster
Started     : 05-02-2024 21:16:14 
----------------------------------------------------------------------
----------------------------------------------------------------------
Application : EAlerta 1.0.0.1
Path        : C:\Fontes\Projetos\EAlerta\build\release\
CPU cores   : 8
OS version  : Windows 11 (Version 23H2, OS Build 22631.3085, 64-bit Edition)
Host        : SCHUSTER
Username    : Thiago Schuster
Started     : 05-02-2024 21:16:36 
----------------------------------------------------------------------
----------------------------------------------------------------------
Application : EAlerta 1.0.0.1
Path        : C:\Fontes\Projetos\EAlerta\build\release\
CPU cores   : 8
OS version  : Windows 11 (Version 23H2, OS Build 22631.3085, 64-bit Edition)
Host        : SCHUSTER
Username    : Thiago Schuster
Started     : 05-02-2024 21:17:58 
----------------------------------------------------------------------
----------------------------------------------------------------------
Application : EAlerta 1.0.0.1
Path        : C:\Fontes\Projetos\EAlerta\build\release\
CPU cores   : 8
OS version  : Windows 11 (Version 23H2, OS Build 22631.3085, 64-bit Edition)
Host        : SCHUSTER
Username    : Thiago Schuster
Started     : 05-02-2024 21:18:54 
----------------------------------------------------------------------
----------------------------------------------------------------------
Application : EAlerta 1.0.0.1
Path        : C:\Fontes\Projetos\EAlerta\build\release\
CPU cores   : 8
OS version  : Windows 11 (Version 23H2, OS Build 22631.3085, 64-bit Edition)
Host        : SCHUSTER
Username    : Thiago Schuster
Started     : 05-02-2024 21:19:47 
----------------------------------------------------------------------
----------------------------------------------------------------------
Application : EAlerta 1.0.0.1
Path        : C:\Fontes\Projetos\EAlerta\build\release\
CPU cores   : 8
OS version  : Windows 11 (Version 23H2, OS Build 22631.3085, 64-bit Edition)
Host        : SCHUSTER
Username    : Thiago Schuster
Started     : 05-02-2024 21:20:08 
----------------------------------------------------------------------
----------------------------------------------------------------------
Application : EAlerta 1.0.0.1
Path        : C:\Fontes\Projetos\EAlerta\build\release\
CPU cores   : 8
OS version  : Windows 11 (Version 23H2, OS Build 22631.3085, 64-bit Edition)
Host        : SCHUSTER
Username    : Thiago Schuster
Started     : 05-02-2024 21:20:19 
----------------------------------------------------------------------
----------------------------------------------------------------------
Application : EAlerta 1.0.0.1
Path        : C:\Fontes\Projetos\EAlerta\build\release\
CPU cores   : 8
OS version  : Windows 11 (Version 23H2, OS Build 22631.3085, 64-bit Edition)
Host        : SCHUSTER
Username    : Thiago Schuster
Started     : 05-02-2024 21:21:16 
----------------------------------------------------------------------
----------------------------------------------------------------------
Application : EAlerta 1.0.0.1
Path        : C:\Fontes\Projetos\EAlerta\build\release\
CPU cores   : 8
OS version  : Windows 11 (Version 23H2, OS Build 22631.3085, 64-bit Edition)
Host        : SCHUSTER
Username    : Thiago Schuster
Started     : 05-02-2024 21:21:50 
----------------------------------------------------------------------
----------------------------------------------------------------------
Application : EAlerta 1.0.0.1
Path        : C:\Fontes\Projetos\EAlerta\build\release\
CPU cores   : 8
OS version  : Windows 11 (Version 23H2, OS Build 22631.3085, 64-bit Edition)
Host        : SCHUSTER
Username    : Thiago Schuster
Started     : 05-02-2024 21:22:23 
----------------------------------------------------------------------
----------------------------------------------------------------------
Application : EAlerta 1.0.0.1
Path        : C:\Fontes\Projetos\EAlerta\build\release\
CPU cores   : 8
OS version  : Windows 11 (Version 23H2, OS Build 22631.3085, 64-bit Edition)
Host        : SCHUSTER
Username    : Thiago Schuster
Started     : 05-02-2024 21:22:37 
----------------------------------------------------------------------
----------------------------------------------------------------------
Application : EAlerta 1.0.0.1
Path        : C:\Fontes\Projetos\EAlerta\build\release\
CPU cores   : 8
OS version  : Windows 11 (Version 23H2, OS Build 22631.3085, 64-bit Edition)
Host        : SCHUSTER
Username    : Thiago Schuster
Started     : 05-02-2024 21:22:57 
----------------------------------------------------------------------
----------------------------------------------------------------------
Application : EAlerta 1.0.0.1
Path        : C:\Fontes\Projetos\EAlerta\build\release\
CPU cores   : 8
OS version  : Windows 11 (Version 23H2, OS Build 22631.3085, 64-bit Edition)
Host        : SCHUSTER
Username    : Thiago Schuster
Started     : 05-02-2024 21:23:14 
----------------------------------------------------------------------
----------------------------------------------------------------------
Application : EAlerta 1.0.0.1
Path        : C:\Fontes\Projetos\EAlerta\build\release\
CPU cores   : 8
OS version  : Windows 11 (Version 23H2, OS Build 22631.3085, 64-bit Edition)
Host        : SCHUSTER
Username    : Thiago Schuster
Started     : 05-02-2024 21:23:23 
----------------------------------------------------------------------
----------------------------------------------------------------------
Application : EAlerta 1.0.0.1
Path        : C:\Fontes\Projetos\EAlerta\build\release\
CPU cores   : 8
OS version  : Windows 11 (Version 23H2, OS Build 22631.3085, 64-bit Edition)
Host        : SCHUSTER
Username    : Thiago Schuster
Started     : 05-02-2024 21:23:48 
----------------------------------------------------------------------
----------------------------------------------------------------------
Application : EAlerta 1.0.0.1
Path        : C:\Fontes\Projetos\EAlerta\build\release\
CPU cores   : 8
OS version  : Windows 11 (Version 23H2, OS Build 22631.3085, 64-bit Edition)
Host        : SCHUSTER
Username    : Thiago Schuster
Started     : 05-02-2024 21:24:04 
----------------------------------------------------------------------
----------------------------------------------------------------------
Application : EAlerta 1.0.0.1
Path        : C:\Fontes\Projetos\EAlerta\build\release\
CPU cores   : 8
OS version  : Windows 11 (Version 23H2, OS Build 22631.3085, 64-bit Edition)
Host        : SCHUSTER
Username    : Thiago Schuster
Started     : 05-02-2024 21:24:19 
----------------------------------------------------------------------
----------------------------------------------------------------------
Application : EAlerta 1.0.0.1
Path        : C:\Fontes\Projetos\EAlerta\build\release\
CPU cores   : 8
OS version  : Windows 11 (Version 23H2, OS Build 22631.3085, 64-bit Edition)
Host        : SCHUSTER
Username    : Thiago Schuster
Started     : 05-02-2024 21:24:26 
----------------------------------------------------------------------
----------------------------------------------------------------------
Application : EAlerta 1.0.0.1
Path        : C:\Fontes\Projetos\EAlerta\build\release\
CPU cores   : 8
OS version  : Windows 11 (Version 23H2, OS Build 22631.3085, 64-bit Edition)
Host        : SCHUSTER
Username    : Thiago Schuster
Started     : 05-02-2024 21:24:38 
----------------------------------------------------------------------
----------------------------------------------------------------------
Application : EAlerta 1.0.0.1
Path        : C:\Fontes\Projetos\EAlerta\build\release\
CPU cores   : 8
OS version  : Windows 11 (Version 23H2, OS Build 22631.3085, 64-bit Edition)
Host        : SCHUSTER
Username    : Thiago Schuster
Started     : 05-02-2024 21:24:45 
----------------------------------------------------------------------
----------------------------------------------------------------------
Application : EAlerta 1.0.0.1
Path        : C:\Fontes\Projetos\EAlerta\build\release\
CPU cores   : 8
OS version  : Windows 11 (Version 23H2, OS Build 22631.3085, 64-bit Edition)
Host        : SCHUSTER
Username    : Thiago Schuster
Started     : 05-02-2024 21:25:13 
----------------------------------------------------------------------
----------------------------------------------------------------------
Application : EAlerta 1.0.0.1
Path        : C:\Fontes\Projetos\EAlerta\build\release\
CPU cores   : 8
OS version  : Windows 11 (Version 23H2, OS Build 22631.3085, 64-bit Edition)
Host        : SCHUSTER
Username    : Thiago Schuster
Started     : 05-02-2024 21:26:39 
----------------------------------------------------------------------
----------------------------------------------------------------------
Application : EAlerta 1.0.0.1
Path        : C:\Fontes\Projetos\EAlerta\build\release\
CPU cores   : 8
OS version  : Windows 11 (Version 23H2, OS Build 22631.3085, 64-bit Edition)
Host        : SCHUSTER
Username    : Thiago Schuster
Started     : 05-02-2024 21:29:54 
----------------------------------------------------------------------
----------------------------------------------------------------------
Application : EAlerta 1.0.0.1
Path        : C:\Fontes\Projetos\EAlerta\build\release\
CPU cores   : 8
OS version  : Windows 11 (Version 23H2, OS Build 22631.3085, 64-bit Edition)
Host        : SCHUSTER
Username    : Thiago Schuster
Started     : 05-02-2024 21:30:14 
----------------------------------------------------------------------
----------------------------------------------------------------------
Application : EAlerta 1.0.0.1
Path        : C:\Fontes\Projetos\EAlerta\build\release\
CPU cores   : 8
OS version  : Windows 11 (Version 23H2, OS Build 22631.3085, 64-bit Edition)
Host        : SCHUSTER
Username    : Thiago Schuster
Started     : 05-02-2024 21:30:49 
----------------------------------------------------------------------
----------------------------------------------------------------------
Application : EAlerta 1.0.0.1
Path        : C:\Fontes\Projetos\EAlerta\build\release\
CPU cores   : 8
OS version  : Windows 11 (Version 23H2, OS Build 22631.3085, 64-bit Edition)
Host        : SCHUSTER
Username    : Thiago Schuster
Started     : 05-02-2024 21:42:26 
----------------------------------------------------------------------
----------------------------------------------------------------------
Application : EAlerta 1.0.0.1
Path        : C:\Fontes\Projetos\EAlerta\build\release\
CPU cores   : 8
OS version  : Windows 11 (Version 23H2, OS Build 22631.3085, 64-bit Edition)
Host        : SCHUSTER
Username    : Thiago Schuster
Started     : 05-02-2024 21:42:52 
----------------------------------------------------------------------
----------------------------------------------------------------------
Application : EAlerta 1.0.0.1
Path        : C:\Fontes\Projetos\EAlerta\build\release\
CPU cores   : 8
OS version  : Windows 11 (Version 23H2, OS Build 22631.3085, 64-bit Edition)
Host        : SCHUSTER
Username    : Thiago Schuster
Started     : 05-02-2024 21:45:56 
----------------------------------------------------------------------
----------------------------------------------------------------------
Application : EAlerta 1.0.0.1
Path        : C:\Fontes\Projetos\EAlerta\build\release\
CPU cores   : 8
OS version  : Windows 11 (Version 23H2, OS Build 22631.3085, 64-bit Edition)
Host        : SCHUSTER
Username    : Thiago Schuster
Started     : 05-02-2024 21:47:56 
----------------------------------------------------------------------
----------------------------------------------------------------------
Application : EAlerta 1.0.0.1
Path        : C:\Fontes\Projetos\EAlerta\build\release\
CPU cores   : 8
OS version  : Windows 11 (Version 23H2, OS Build 22631.3085, 64-bit Edition)
Host        : SCHUSTER
Username    : Thiago Schuster
Started     : 05-02-2024 21:50:30 
----------------------------------------------------------------------
----------------------------------------------------------------------
Application : EAlerta 1.0.0.1
Path        : C:\Fontes\Projetos\EAlerta\build\release\
CPU cores   : 8
OS version  : Windows 11 (Version 23H2, OS Build 22631.3085, 64-bit Edition)
Host        : SCHUSTER
Username    : Thiago Schuster
Started     : 05-02-2024 21:50:57 
----------------------------------------------------------------------
----------------------------------------------------------------------
Application : EAlerta 1.0.0.1
Path        : C:\Fontes\Projetos\EAlerta\build\release\
CPU cores   : 8
OS version  : Windows 11 (Version 23H2, OS Build 22631.3085, 64-bit Edition)
Host        : SCHUSTER
Username    : Thiago Schuster
Started     : 05-02-2024 21:52:07 
----------------------------------------------------------------------
----------------------------------------------------------------------
Application : EAlerta 1.0.0.1
Path        : C:\Fontes\Projetos\EAlerta\build\release\
CPU cores   : 8
OS version  : Windows 11 (Version 23H2, OS Build 22631.3085, 64-bit Edition)
Host        : SCHUSTER
Username    : Thiago Schuster
Started     : 05-02-2024 21:52:56 
----------------------------------------------------------------------
----------------------------------------------------------------------
Application : EAlerta 1.0.0.1
Path        : C:\Fontes\Projetos\EAlerta\build\release\
CPU cores   : 8
OS version  : Windows 11 (Version 23H2, OS Build 22631.3085, 64-bit Edition)
Host        : SCHUSTER
Username    : Thiago Schuster
Started     : 05-02-2024 21:54:24 
----------------------------------------------------------------------
05-02-2024 21:54:41  [Exceção] (EOSError) : System Error.  Code: 1400.
O identificador da janela é inválido
05-02-2024 21:54:42  [Exceção] (EOSError) : System Error.  Code: 1400.
O identificador da janela é inválido
----------------------------------------------------------------------
Application : EAlerta 1.0.0.1
Path        : C:\Fontes\Projetos\EAlerta\build\release\
CPU cores   : 8
OS version  : Windows 11 (Version 23H2, OS Build 22631.3085, 64-bit Edition)
Host        : SCHUSTER
Username    : Thiago Schuster
Started     : 05-02-2024 21:55:26 
----------------------------------------------------------------------
----------------------------------------------------------------------
Application : EAlerta 1.0.0.1
Path        : C:\Fontes\Projetos\EAlerta\build\release\
CPU cores   : 8
OS version  : Windows 11 (Version 23H2, OS Build 22631.3085, 64-bit Edition)
Host        : SCHUSTER
Username    : Thiago Schuster
Started     : 05-02-2024 21:56:06 
----------------------------------------------------------------------
----------------------------------------------------------------------
Application : EAlerta 1.0.0.1
Path        : C:\Fontes\Projetos\EAlerta\build\release\
CPU cores   : 8
OS version  : Windows 11 (Version 23H2, OS Build 22631.3085, 64-bit Edition)
Host        : SCHUSTER
Username    : Thiago Schuster
Started     : 05-02-2024 21:56:21 
----------------------------------------------------------------------
